INFO 2024-04-20 16:40:37,284 autoreload 42801 133808938057728 Watching for file changes with StatReloader
WARNING 2024-04-20 16:40:38,806 log 42801 133808888301120 Not Found: /
WARNING 2024-04-20 16:40:38,807 basehttp 42801 133808888301120 "GET / HTTP/1.1" 404 2162
INFO 2024-04-20 16:40:42,649 basehttp 42801 133808888301120 "GET /start/ HTTP/1.1" 200 18
WARNING 2024-04-20 16:40:46,253 log 42801 133808888301120 Not Found: /start/about/
WARNING 2024-04-20 16:40:46,255 basehttp 42801 133808888301120 "GET /start/about/ HTTP/1.1" 404 2806
INFO 2024-04-20 16:41:20,449 autoreload 42801 133808938057728 /home/aleksander/PycharmProjects/pythonProject1/Django/eat/my_prog/urls.py changed, reloading.
INFO 2024-04-20 16:41:21,147 autoreload 42913 127342702141440 Watching for file changes with StatReloader
WARNING 2024-04-20 16:41:23,501 log 42913 127342652397120 Not Found: /
WARNING 2024-04-20 16:41:23,502 basehttp 42913 127342652397120 "GET / HTTP/1.1" 404 2162
INFO 2024-04-20 16:41:29,088 basehttp 42913 127342652397120 "GET /start/ HTTP/1.1" 200 18
ERROR 2024-04-20 16:41:32,756 views 42913 127342652397120 Error in about page: division by zero
Traceback (most recent call last):
  File "/home/aleksander/PycharmProjects/pythonProject1/Django/eat/my_prog/views.py", line 30, in about
    result = 1 / 0
ZeroDivisionError: division by zero
INFO 2024-04-20 16:41:32,759 basehttp 42913 127342652397120 "GET /start/about/ HTTP/1.1" 200 27
INFO 2024-04-20 16:53:38,073 autoreload 43576 139367496138752 Watching for file changes with StatReloader
WARNING 2024-04-20 16:53:44,768 log 43576 139367447496256 Not Found: /
WARNING 2024-04-20 16:53:44,772 basehttp 43576 139367447496256 "GET / HTTP/1.1" 404 2162
INFO 2024-04-20 16:53:48,455 basehttp 43576 139367447496256 "GET /start/ HTTP/1.1" 200 334
INFO 2024-04-20 16:53:56,870 basehttp 43576 139367447496256 "GET /start/about/ HTTP/1.1" 200 362
INFO 2024-04-20 16:54:21,338 autoreload 43576 139367496138752 /home/aleksander/PycharmProjects/pythonProject1/Django/eat/my_prog/views.py changed, reloading.
INFO 2024-04-20 16:54:22,038 autoreload 43640 126230036656128 Watching for file changes with StatReloader
INFO 2024-04-20 16:54:31,256 basehttp 43640 126229986911808 "GET /start/about/ HTTP/1.1" 200 360
INFO 2024-04-20 16:55:37,777 autoreload 43748 137268913160192 Watching for file changes with StatReloader
INFO 2024-04-20 16:55:39,580 basehttp 43748 137268863411776 "GET / HTTP/1.1" 200 334
INFO 2024-04-20 16:55:46,751 basehttp 43748 137268863411776 "GET /about/ HTTP/1.1" 200 360
